This file contains any messages produced by compilers while
running configure, to aid debugging if configure makes a mistake.

It was created by zookeeper C client configure 3.4.5, which was
generated by GNU Autoconf 2.63.  Invocation command line was

  $ ./configure --prefix=/data1/leekj/workspace/nBase-ARC/api/arcci/zk-3.4.6/.lib64

## --------- ##
## Platform. ##
## --------- ##

hostname = xseed011.kdev
uname -m = x86_64
uname -r = 2.6.32-279.2.1.el6.x86_64
uname -s = Linux
uname -v = #1 SMP Fri Jul 20 01:55:29 UTC 2012

/usr/bin/uname -p = unknown
/bin/uname -X     = unknown

/bin/arch              = x86_64
/usr/bin/arch -k       = unknown
/usr/convex/getsysinfo = unknown
/usr/bin/hostinfo      = unknown
/bin/machine           = unknown
/usr/bin/oslevel       = unknown
/bin/universe          = unknown

PATH: /data1/leekj/bin/apache-maven/bin
PATH: /data1/leekj/PGSQL/bin
PATH: /data1/leekj/CUBRID/bin
PATH: /data1/leekj/CUBRID/cubridmanager
PATH: /data1/leekj/NBASE/bin
PATH: /usr/local/go/bin
PATH: /data1/leekj/go
PATH: /data1/leekj/workspace/Test/go/bin
PATH: /usr/java/latest/bin
PATH: /usr/bin
PATH: /data1/leekj/bin/zk1/bin
PATH: /home1/irteam/oracle/client/bin
PATH: /usr/nhnkrb5/bin
PATH: /usr/local/bin
PATH: /bin
PATH: /usr/bin
PATH: /usr/X11R6/bin
PATH: /data1/leekj/bin


## ----------- ##
## Core tests. ##
## ----------- ##

configure:2235: checking for doxygen
configure:2253: found /usr/bin/doxygen
configure:2265: result: /usr/bin/doxygen
configure:2341: checking for perl
configure:2359: found /usr/bin/perl
configure:2371: result: /usr/bin/perl
configure:2521: checking for dot
configure:2554: result: no
configure:4185: checking for a BSD-compatible install
configure:4253: result: /usr/bin/install -c
configure:4264: checking whether build environment is sane
configure:4307: result: yes
configure:4369: checking for gawk
configure:4385: found /usr/bin/gawk
configure:4396: result: gawk
configure:4407: checking whether make sets $(MAKE)
configure:4429: result: yes
configure:4659: checking for cppunit-config
configure:4677: found /usr/bin/cppunit-config
configure:4690: result: /usr/bin/cppunit-config
configure:4700: checking for Cppunit - version >= 1.10.2
configure:4746: result: 1.12.1
configure:4772: checking for generated/zookeeper.jute.c
configure:4787: result: yes
configure:4802: checking for generated/zookeeper.jute.h
configure:4817: result: yes
configure:4884: checking for gcc
configure:4900: found /usr/bin/gcc
configure:4911: result: gcc
configure:5143: checking for C compiler version
configure:5151: gcc --version >&5
gcc (GCC) 4.4.7 20120313 (Red Hat 4.4.7-11)
Copyright (C) 2010 Free Software Foundation, Inc.
This is free software; see the source for copying conditions.  There is NO
warranty; not even for MERCHANTABILITY or FITNESS FOR A PARTICULAR PURPOSE.

configure:5155: $? = 0
configure:5162: gcc -v >&5
Using built-in specs.
Target: x86_64-redhat-linux
Configured with: ../configure --prefix=/usr --mandir=/usr/share/man --infodir=/usr/share/info --with-bugurl=http://bugzilla.redhat.com/bugzilla --enable-bootstrap --enable-shared --enable-threads=posix --enable-checking=release --with-system-zlib --enable-__cxa_atexit --disable-libunwind-exceptions --enable-gnu-unique-object --enable-languages=c,c++,objc,obj-c++,java,fortran,ada --enable-java-awt=gtk --disable-dssi --with-java-home=/usr/lib/jvm/java-1.5.0-gcj-1.5.0.0/jre --enable-libgcj-multifile --enable-java-maintainer-mode --with-ecj-jar=/usr/share/java/eclipse-ecj.jar --disable-libjava-multilib --with-ppl --with-cloog --with-tune=generic --with-arch_32=i686 --build=x86_64-redhat-linux
Thread model: posix
gcc version 4.4.7 20120313 (Red Hat 4.4.7-11) (GCC) 
configure:5166: $? = 0
configure:5173: gcc -V >&5
gcc: '-V' option must have argument
configure:5177: $? = 1
configure:5200: checking for C compiler default output file name
configure:5222: gcc    conftest.c  >&5
configure:5226: $? = 0
configure:5264: result: a.out
configure:5283: checking whether the C compiler works
configure:5293: ./a.out
configure:5297: $? = 0
configure:5316: result: yes
configure:5323: checking whether we are cross compiling
configure:5325: result: no
configure:5328: checking for suffix of executables
configure:5335: gcc -o conftest    conftest.c  >&5
configure:5339: $? = 0
configure:5365: result: 
configure:5371: checking for suffix of object files
configure:5397: gcc -c   conftest.c >&5
configure:5401: $? = 0
configure:5426: result: o
configure:5430: checking whether we are using the GNU C compiler
configure:5459: gcc -c   conftest.c >&5
configure:5466: $? = 0
configure:5483: result: yes
configure:5492: checking whether gcc accepts -g
configure:5522: gcc -c -g  conftest.c >&5
configure:5529: $? = 0
configure:5630: result: yes
configure:5647: checking for gcc option to accept ISO C89
configure:5721: gcc  -c   conftest.c >&5
configure:5728: $? = 0
configure:5751: result: none needed
configure:5780: checking for style of include used by make
configure:5808: result: GNU
configure:5836: checking dependency style of gcc
configure:5926: result: gcc3
configure:5944: checking whether gcc and cc understand -c and -o together
configure:5979: gcc -c conftest.c -o conftest2.o >&5
configure:5983: $? = 0
configure:5989: gcc -c conftest.c -o conftest2.o >&5
configure:5993: $? = 0
configure:6004: cc -c conftest.c >&5
configure:6008: $? = 0
configure:6016: cc -c conftest.c -o conftest2.o >&5
configure:6020: $? = 0
configure:6026: cc -c conftest.c -o conftest2.o >&5
configure:6030: $? = 0
configure:6048: result: yes
configure:6131: checking for g++
configure:6147: found /usr/bin/g++
configure:6158: result: g++
configure:6185: checking for C++ compiler version
configure:6193: g++ --version >&5
g++ (GCC) 4.4.7 20120313 (Red Hat 4.4.7-11)
Copyright (C) 2010 Free Software Foundation, Inc.
This is free software; see the source for copying conditions.  There is NO
warranty; not even for MERCHANTABILITY or FITNESS FOR A PARTICULAR PURPOSE.

configure:6197: $? = 0
configure:6204: g++ -v >&5
Using built-in specs.
Target: x86_64-redhat-linux
Configured with: ../configure --prefix=/usr --mandir=/usr/share/man --infodir=/usr/share/info --with-bugurl=http://bugzilla.redhat.com/bugzilla --enable-bootstrap --enable-shared --enable-threads=posix --enable-checking=release --with-system-zlib --enable-__cxa_atexit --disable-libunwind-exceptions --enable-gnu-unique-object --enable-languages=c,c++,objc,obj-c++,java,fortran,ada --enable-java-awt=gtk --disable-dssi --with-java-home=/usr/lib/jvm/java-1.5.0-gcj-1.5.0.0/jre --enable-libgcj-multifile --enable-java-maintainer-mode --with-ecj-jar=/usr/share/java/eclipse-ecj.jar --disable-libjava-multilib --with-ppl --with-cloog --with-tune=generic --with-arch_32=i686 --build=x86_64-redhat-linux
Thread model: posix
gcc version 4.4.7 20120313 (Red Hat 4.4.7-11) (GCC) 
configure:6208: $? = 0
configure:6215: g++ -V >&5
g++: '-V' option must have argument
configure:6219: $? = 1
configure:6222: checking whether we are using the GNU C++ compiler
configure:6251: g++ -c   conftest.cpp >&5
configure:6258: $? = 0
configure:6275: result: yes
configure:6284: checking whether g++ accepts -g
configure:6314: g++ -c -g  conftest.cpp >&5
configure:6321: $? = 0
configure:6422: result: yes
configure:6447: checking dependency style of g++
configure:6537: result: gcc3
configure:6568: checking for a BSD-compatible install
configure:6636: result: /usr/bin/install -c
configure:6647: checking whether ln -s works
configure:6651: result: yes
configure:6738: checking build system type
configure:6756: result: x86_64-unknown-linux-gnu
configure:6778: checking host system type
configure:6793: result: x86_64-unknown-linux-gnu
configure:6815: checking for a sed that does not truncate output
configure:6871: result: /bin/sed
configure:6874: checking for grep that handles long lines and -e
configure:6934: result: /bin/grep
configure:6939: checking for egrep
configure:7003: result: /bin/grep -E
configure:7019: checking for ld used by gcc
configure:7086: result: /usr/bin/ld
configure:7095: checking if the linker (/usr/bin/ld) is GNU ld
configure:7110: result: yes
configure:7115: checking for /usr/bin/ld option to reload object files
configure:7122: result: -r
configure:7140: checking for BSD-compatible nm
configure:7189: result: /usr/bin/nm -B
configure:7193: checking how to recognise dependent libraries
configure:7369: result: pass_all
configure:7457: gcc -c   conftest.c >&5
configure:7460: $? = 0
configure:7607: checking how to run the C preprocessor
configure:7647: gcc -E  conftest.c
configure:7654: $? = 0
configure:7685: gcc -E  conftest.c
conftest.c:12:28: error: ac_nonexistent.h: No such file or directory
configure:7692: $? = 1
configure: failed program was:
| /* confdefs.h.  */
| #define PACKAGE_NAME "zookeeper C client"
| #define PACKAGE_TARNAME "zookeeper"
| #define PACKAGE_VERSION "3.4.5"
| #define PACKAGE_STRING "zookeeper C client 3.4.5"
| #define PACKAGE_BUGREPORT "user@zookeeper.apache.org"
| #define PACKAGE "zookeeper"
| #define VERSION "3.4.5"
| #define HAVE_GENERATED_ZOOKEEPER_JUTE_C 1
| #define HAVE_GENERATED_ZOOKEEPER_JUTE_H 1
| /* end confdefs.h.  */
| #include <ac_nonexistent.h>
configure:7725: result: gcc -E
configure:7754: gcc -E  conftest.c
configure:7761: $? = 0
configure:7792: gcc -E  conftest.c
conftest.c:12:28: error: ac_nonexistent.h: No such file or directory
configure:7799: $? = 1
configure: failed program was:
| /* confdefs.h.  */
| #define PACKAGE_NAME "zookeeper C client"
| #define PACKAGE_TARNAME "zookeeper"
| #define PACKAGE_VERSION "3.4.5"
| #define PACKAGE_STRING "zookeeper C client 3.4.5"
| #define PACKAGE_BUGREPORT "user@zookeeper.apache.org"
| #define PACKAGE "zookeeper"
| #define VERSION "3.4.5"
| #define HAVE_GENERATED_ZOOKEEPER_JUTE_C 1
| #define HAVE_GENERATED_ZOOKEEPER_JUTE_H 1
| /* end confdefs.h.  */
| #include <ac_nonexistent.h>
configure:7839: checking for ANSI C header files
configure:7869: gcc -c   conftest.c >&5
configure:7876: $? = 0
configure:7975: gcc -o conftest    conftest.c  >&5
configure:7979: $? = 0
configure:7985: ./conftest
configure:7989: $? = 0
configure:8007: result: yes
configure:8031: checking for sys/types.h
configure:8052: gcc -c   conftest.c >&5
configure:8059: $? = 0
configure:8076: result: yes
configure:8031: checking for sys/stat.h
configure:8052: gcc -c   conftest.c >&5
configure:8059: $? = 0
configure:8076: result: yes
configure:8031: checking for stdlib.h
configure:8052: gcc -c   conftest.c >&5
configure:8059: $? = 0
configure:8076: result: yes
configure:8031: checking for string.h
configure:8052: gcc -c   conftest.c >&5
configure:8059: $? = 0
configure:8076: result: yes
configure:8031: checking for memory.h
configure:8052: gcc -c   conftest.c >&5
configure:8059: $? = 0
configure:8076: result: yes
configure:8031: checking for strings.h
configure:8052: gcc -c   conftest.c >&5
configure:8059: $? = 0
configure:8076: result: yes
configure:8031: checking for inttypes.h
configure:8052: gcc -c   conftest.c >&5
configure:8059: $? = 0
configure:8076: result: yes
configure:8031: checking for stdint.h
configure:8052: gcc -c   conftest.c >&5
configure:8059: $? = 0
configure:8076: result: yes
configure:8031: checking for unistd.h
configure:8052: gcc -c   conftest.c >&5
configure:8059: $? = 0
configure:8076: result: yes
configure:8106: checking dlfcn.h usability
configure:8123: gcc -c   conftest.c >&5
configure:8130: $? = 0
configure:8144: result: yes
configure:8148: checking dlfcn.h presence
configure:8163: gcc -E  conftest.c
configure:8170: $? = 0
configure:8184: result: yes
configure:8217: checking for dlfcn.h
configure:8226: result: yes
configure:8251: checking how to run the C++ preprocessor
configure:8287: g++ -E  conftest.cpp
configure:8294: $? = 0
configure:8325: g++ -E  conftest.cpp
conftest.cpp:23:28: error: ac_nonexistent.h: No such file or directory
configure:8332: $? = 1
configure: failed program was:
| /* confdefs.h.  */
| #define PACKAGE_NAME "zookeeper C client"
| #define PACKAGE_TARNAME "zookeeper"
| #define PACKAGE_VERSION "3.4.5"
| #define PACKAGE_STRING "zookeeper C client 3.4.5"
| #define PACKAGE_BUGREPORT "user@zookeeper.apache.org"
| #define PACKAGE "zookeeper"
| #define VERSION "3.4.5"
| #define HAVE_GENERATED_ZOOKEEPER_JUTE_C 1
| #define HAVE_GENERATED_ZOOKEEPER_JUTE_H 1
| #define STDC_HEADERS 1
| #define HAVE_SYS_TYPES_H 1
| #define HAVE_SYS_STAT_H 1
| #define HAVE_STDLIB_H 1
| #define HAVE_STRING_H 1
| #define HAVE_MEMORY_H 1
| #define HAVE_STRINGS_H 1
| #define HAVE_INTTYPES_H 1
| #define HAVE_STDINT_H 1
| #define HAVE_UNISTD_H 1
| #define HAVE_DLFCN_H 1
| /* end confdefs.h.  */
| #include <ac_nonexistent.h>
configure:8365: result: g++ -E
configure:8394: g++ -E  conftest.cpp
configure:8401: $? = 0
configure:8432: g++ -E  conftest.cpp
conftest.cpp:23:28: error: ac_nonexistent.h: No such file or directory
configure:8439: $? = 1
configure: failed program was:
| /* confdefs.h.  */
| #define PACKAGE_NAME "zookeeper C client"
| #define PACKAGE_TARNAME "zookeeper"
| #define PACKAGE_VERSION "3.4.5"
| #define PACKAGE_STRING "zookeeper C client 3.4.5"
| #define PACKAGE_BUGREPORT "user@zookeeper.apache.org"
| #define PACKAGE "zookeeper"
| #define VERSION "3.4.5"
| #define HAVE_GENERATED_ZOOKEEPER_JUTE_C 1
| #define HAVE_GENERATED_ZOOKEEPER_JUTE_H 1
| #define STDC_HEADERS 1
| #define HAVE_SYS_TYPES_H 1
| #define HAVE_SYS_STAT_H 1
| #define HAVE_STDLIB_H 1
| #define HAVE_STRING_H 1
| #define HAVE_MEMORY_H 1
| #define HAVE_STRINGS_H 1
| #define HAVE_INTTYPES_H 1
| #define HAVE_STDINT_H 1
| #define HAVE_UNISTD_H 1
| #define HAVE_DLFCN_H 1
| /* end confdefs.h.  */
| #include <ac_nonexistent.h>
configure:8534: checking for g77
configure:8564: result: no
configure:8534: checking for xlf
configure:8564: result: no
configure:8534: checking for f77
configure:8564: result: no
configure:8534: checking for frt
configure:8564: result: no
configure:8534: checking for pgf77
configure:8564: result: no
configure:8534: checking for cf77
configure:8564: result: no
configure:8534: checking for fort77
configure:8564: result: no
configure:8534: checking for fl32
configure:8564: result: no
configure:8534: checking for af77
configure:8564: result: no
configure:8534: checking for xlf90
configure:8564: result: no
configure:8534: checking for f90
configure:8564: result: no
configure:8534: checking for pgf90
configure:8564: result: no
configure:8534: checking for pghpf
configure:8564: result: no
configure:8534: checking for epcf90
configure:8564: result: no
configure:8534: checking for gfortran
configure:8550: found /usr/bin/gfortran
configure:8561: result: gfortran
configure:8587: checking for Fortran 77 compiler version
configure:8595: gfortran --version >&5
GNU Fortran (GCC) 4.4.7 20120313 (Red Hat 4.4.7-11)
Copyright (C) 2010 Free Software Foundation, Inc.

GNU Fortran comes with NO WARRANTY, to the extent permitted by law.
You may redistribute copies of GNU Fortran
under the terms of the GNU General Public License.
For more information about these matters, see the file named COPYING

configure:8599: $? = 0
configure:8606: gfortran -v >&5
Using built-in specs.
Target: x86_64-redhat-linux
Configured with: ../configure --prefix=/usr --mandir=/usr/share/man --infodir=/usr/share/info --with-bugurl=http://bugzilla.redhat.com/bugzilla --enable-bootstrap --enable-shared --enable-threads=posix --enable-checking=release --with-system-zlib --enable-__cxa_atexit --disable-libunwind-exceptions --enable-gnu-unique-object --enable-languages=c,c++,objc,obj-c++,java,fortran,ada --enable-java-awt=gtk --disable-dssi --with-java-home=/usr/lib/jvm/java-1.5.0-gcj-1.5.0.0/jre --enable-libgcj-multifile --enable-java-maintainer-mode --with-ecj-jar=/usr/share/java/eclipse-ecj.jar --disable-libjava-multilib --with-ppl --with-cloog --with-tune=generic --with-arch_32=i686 --build=x86_64-redhat-linux
Thread model: posix
gcc version 4.4.7 20120313 (Red Hat 4.4.7-11) (GCC) 
configure:8610: $? = 0
configure:8617: gfortran -V >&5
gfortran: '-V' option must have argument
configure:8621: $? = 1
configure:8629: checking whether we are using the GNU Fortran 77 compiler
configure:8648: gfortran -c  conftest.F >&5
configure:8655: $? = 0
configure:8672: result: yes
configure:8678: checking whether gfortran accepts -g
configure:8695: gfortran -c -g conftest.f >&5
configure:8702: $? = 0
configure:8718: result: yes
configure:8752: checking the maximum length of command line arguments
configure:8861: result: 32768
configure:8872: checking command to parse /usr/bin/nm -B output from gcc object
configure:8977: gcc -c   conftest.c >&5
configure:8980: $? = 0
configure:8984: /usr/bin/nm -B conftest.o \| sed -n -e 's/^.*[ 	]\([ABCDGIRSTW][ABCDGIRSTW]*\)[ 	][ 	]*\([_A-Za-z][_A-Za-z0-9]*\)$/\1 \2 \2/p' \> conftest.nm
configure:8987: $? = 0
configure:9039: gcc -o conftest    conftest.c conftstm.o >&5
configure:9042: $? = 0
configure:9080: result: ok
configure:9084: checking for objdir
configure:9099: result: .libs
configure:9191: checking for ar
configure:9207: found /usr/bin/ar
configure:9218: result: ar
configure:9283: checking for ranlib
configure:9299: found /usr/bin/ranlib
configure:9310: result: ranlib
configure:9375: checking for strip
configure:9391: found /usr/bin/strip
configure:9402: result: strip
configure:9684: checking if gcc supports -fno-rtti -fno-exceptions
configure:9702: gcc -c   -fno-rtti -fno-exceptions conftest.c >&5
cc1: warning: command line option "-fno-rtti" is valid for C++/ObjC++ but not for C
configure:9706: $? = 0
configure:9719: result: no
configure:9734: checking for gcc option to produce PIC
configure:9944: result: -fPIC
configure:9952: checking if gcc PIC flag -fPIC works
configure:9970: gcc -c   -fPIC -DPIC conftest.c >&5
configure:9974: $? = 0
configure:9987: result: yes
configure:10015: checking if gcc static flag -static works
configure:10043: result: no
configure:10053: checking if gcc supports -c -o file.o
configure:10074: gcc -c   -o out/conftest2.o conftest.c >&5
configure:10078: $? = 0
configure:10100: result: yes
configure:10126: checking whether the gcc linker (/usr/bin/ld -m elf_x86_64) supports shared libraries
configure:11088: result: yes
configure:11109: checking whether -lc should be explicitly linked in
configure:11114: gcc -c   conftest.c >&5
configure:11117: $? = 0
configure:11132: gcc -shared conftest.o  -v -Wl,-soname -Wl,conftest -o conftest 2\>\&1 \| grep  -lc  \>/dev/null 2\>\&1
configure:11135: $? = 0
configure:11147: result: no
configure:11155: checking dynamic linker characteristics
configure:11548: gcc -c   conftest.c >&5
configure:11551: $? = 0
configure:11764: result: GNU/Linux ld.so
configure:11773: checking how to hardcode library paths into programs
configure:11798: result: immediate
configure:11812: checking whether stripping libraries is possible
configure:11817: result: yes
configure:12646: checking if libtool supports shared libraries
configure:12648: result: yes
configure:12651: checking whether to build shared libraries
configure:12672: result: yes
configure:12675: checking whether to build static libraries
configure:12679: result: yes
configure:12771: creating libtool
configure:13362: checking for ld used by g++
configure:13429: result: /usr/bin/ld -m elf_x86_64
configure:13438: checking if the linker (/usr/bin/ld -m elf_x86_64) is GNU ld
configure:13453: result: yes
configure:13504: checking whether the g++ linker (/usr/bin/ld -m elf_x86_64) supports shared libraries
configure:14446: result: yes
configure:14464: g++ -c -g -O2  conftest.cpp >&5
configure:14467: $? = 0
configure:14586: checking for g++ option to produce PIC
configure:14860: result: -fPIC
configure:14868: checking if g++ PIC flag -fPIC works
configure:14886: g++ -c -g -O2  -fPIC -DPIC conftest.cpp >&5
configure:14890: $? = 0
configure:14903: result: yes
configure:14931: checking if g++ static flag -static works
configure:14959: result: no
configure:14969: checking if g++ supports -c -o file.o
configure:14990: g++ -c -g -O2  -o out/conftest2.o conftest.cpp >&5
configure:14994: $? = 0
configure:15016: result: yes
configure:15042: checking whether the g++ linker (/usr/bin/ld -m elf_x86_64) supports shared libraries
configure:15067: result: yes
configure:15134: checking dynamic linker characteristics
configure:15527: g++ -c -g -O2  conftest.cpp >&5
configure:15530: $? = 0
configure:15743: result: GNU/Linux ld.so
configure:15752: checking how to hardcode library paths into programs
configure:15777: result: immediate
configure:16306: checking if libtool supports shared libraries
configure:16308: result: yes
configure:16311: checking whether to build shared libraries
configure:16331: result: yes
configure:16334: checking whether to build static libraries
configure:16338: result: yes
configure:16348: checking for gfortran option to produce PIC
configure:16558: result: -fPIC
configure:16566: checking if gfortran PIC flag -fPIC works
configure:16584: gfortran -c -g -O2 -fPIC conftest.f >&5
configure:16588: $? = 0
configure:16601: result: yes
configure:16629: checking if gfortran static flag -static works
configure:16657: result: no
configure:16667: checking if gfortran supports -c -o file.o
configure:16688: gfortran -c -g -O2 -o out/conftest2.o conftest.f >&5
configure:16692: $? = 0
configure:16714: result: yes
configure:16740: checking whether the gfortran linker (/usr/bin/ld -m elf_x86_64) supports shared libraries
configure:17682: result: yes
configure:17749: checking dynamic linker characteristics
configure:18142: gfortran -c -g -O2 conftest.f >&5
Warning: conftest.f:1: Illegal preprocessor directive
configure:18145: $? = 0
configure:18358: result: GNU/Linux ld.so
configure:18367: checking how to hardcode library paths into programs
configure:18392: result: immediate
configure:22032: checking for pthread_mutex_lock in -lpthread
configure:22067: gcc -o conftest -g -O2 -D_GNU_SOURCE   conftest.c -lpthread   >&5
configure:22074: $? = 0
configure:22095: result: yes
configure:22110: building with SyncAPI support
configure:22129: checking for ANSI C header files
configure:22297: result: yes
configure:22332: checking arpa/inet.h usability
configure:22349: gcc -c -g -O2 -D_GNU_SOURCE  conftest.c >&5
configure:22356: $? = 0
configure:22370: result: yes
configure:22374: checking arpa/inet.h presence
configure:22389: gcc -E  conftest.c
configure:22396: $? = 0
configure:22410: result: yes
configure:22443: checking for arpa/inet.h
configure:22452: result: yes
configure:22332: checking fcntl.h usability
configure:22349: gcc -c -g -O2 -D_GNU_SOURCE  conftest.c >&5
configure:22356: $? = 0
configure:22370: result: yes
configure:22374: checking fcntl.h presence
configure:22389: gcc -E  conftest.c
configure:22396: $? = 0
configure:22410: result: yes
configure:22443: checking for fcntl.h
configure:22452: result: yes
configure:22332: checking netdb.h usability
configure:22349: gcc -c -g -O2 -D_GNU_SOURCE  conftest.c >&5
configure:22356: $? = 0
configure:22370: result: yes
configure:22374: checking netdb.h presence
configure:22389: gcc -E  conftest.c
configure:22396: $? = 0
configure:22410: result: yes
configure:22443: checking for netdb.h
configure:22452: result: yes
configure:22332: checking netinet/in.h usability
configure:22349: gcc -c -g -O2 -D_GNU_SOURCE  conftest.c >&5
configure:22356: $? = 0
configure:22370: result: yes
configure:22374: checking netinet/in.h presence
configure:22389: gcc -E  conftest.c
configure:22396: $? = 0
configure:22410: result: yes
configure:22443: checking for netinet/in.h
configure:22452: result: yes
configure:22321: checking for stdlib.h
configure:22328: result: yes
configure:22321: checking for string.h
configure:22328: result: yes
configure:22332: checking sys/socket.h usability
configure:22349: gcc -c -g -O2 -D_GNU_SOURCE  conftest.c >&5
configure:22356: $? = 0
configure:22370: result: yes
configure:22374: checking sys/socket.h presence
configure:22389: gcc -E  conftest.c
configure:22396: $? = 0
configure:22410: result: yes
configure:22443: checking for sys/socket.h
configure:22452: result: yes
configure:22332: checking sys/time.h usability
configure:22349: gcc -c -g -O2 -D_GNU_SOURCE  conftest.c >&5
configure:22356: $? = 0
configure:22370: result: yes
configure:22374: checking sys/time.h presence
configure:22389: gcc -E  conftest.c
configure:22396: $? = 0
configure:22410: result: yes
configure:22443: checking for sys/time.h
configure:22452: result: yes
configure:22321: checking for unistd.h
configure:22328: result: yes
configure:22332: checking sys/utsname.h usability
configure:22349: gcc -c -g -O2 -D_GNU_SOURCE  conftest.c >&5
configure:22356: $? = 0
configure:22370: result: yes
configure:22374: checking sys/utsname.h presence
configure:22389: gcc -E  conftest.c
configure:22396: $? = 0
configure:22410: result: yes
configure:22443: checking for sys/utsname.h
configure:22452: result: yes
configure:22469: checking for an ANSI C-conforming const
configure:22544: gcc -c -g -O2 -D_GNU_SOURCE  conftest.c >&5
configure:22551: $? = 0
configure:22566: result: yes
configure:22576: checking for inline
configure:22602: gcc -c -g -O2 -D_GNU_SOURCE  conftest.c >&5
configure:22609: $? = 0
configure:22627: result: inline
configure:22646: checking whether time.h and sys/time.h may both be included
configure:22676: gcc -c -g -O2 -D_GNU_SOURCE  conftest.c >&5
configure:22683: $? = 0
configure:22698: result: yes
configure:22708: checking for nfds_t
configure:22737: gcc -c -g -O2 -D_GNU_SOURCE  conftest.c >&5
configure:22744: $? = 0
configure:22772: gcc -c -g -O2 -D_GNU_SOURCE  conftest.c >&5
conftest.c: In function 'main':
conftest.c:40: error: expected expression before ')' token
configure:22779: $? = 1
configure: failed program was:
| /* confdefs.h.  */
| #define PACKAGE_NAME "zookeeper C client"
| #define PACKAGE_TARNAME "zookeeper"
| #define PACKAGE_VERSION "3.4.5"
| #define PACKAGE_STRING "zookeeper C client 3.4.5"
| #define PACKAGE_BUGREPORT "user@zookeeper.apache.org"
| #define PACKAGE "zookeeper"
| #define VERSION "3.4.5"
| #define HAVE_GENERATED_ZOOKEEPER_JUTE_C 1
| #define HAVE_GENERATED_ZOOKEEPER_JUTE_H 1
| #define STDC_HEADERS 1
| #define HAVE_SYS_TYPES_H 1
| #define HAVE_SYS_STAT_H 1
| #define HAVE_STDLIB_H 1
| #define HAVE_STRING_H 1
| #define HAVE_MEMORY_H 1
| #define HAVE_STRINGS_H 1
| #define HAVE_INTTYPES_H 1
| #define HAVE_STDINT_H 1
| #define HAVE_UNISTD_H 1
| #define HAVE_DLFCN_H 1
| #define STDC_HEADERS 1
| #define HAVE_ARPA_INET_H 1
| #define HAVE_FCNTL_H 1
| #define HAVE_NETDB_H 1
| #define HAVE_NETINET_IN_H 1
| #define HAVE_STDLIB_H 1
| #define HAVE_STRING_H 1
| #define HAVE_SYS_SOCKET_H 1
| #define HAVE_SYS_TIME_H 1
| #define HAVE_UNISTD_H 1
| #define HAVE_SYS_UTSNAME_H 1
| #define TIME_WITH_SYS_TIME 1
| /* end confdefs.h.  */
| #include <poll.h>
| 
| int
| main ()
| {
| if (sizeof ((nfds_t)))
| 	  return 0;
|   ;
|   return 0;
| }
configure:22802: result: yes
configure:22819: checking whether to enable ipv6
configure:22851: gcc -o conftest -g -O2 -D_GNU_SOURCE   conftest.c  >&5
conftest.c: In function 'main':
conftest.c:42: warning: incompatible implicit declaration of built-in function 'exit'
configure:22855: $? = 0
configure:22861: ./conftest
configure:22865: $? = 1
configure: program exited with status 1
configure: failed program was:
| /* confdefs.h.  */
| #define PACKAGE_NAME "zookeeper C client"
| #define PACKAGE_TARNAME "zookeeper"
| #define PACKAGE_VERSION "3.4.5"
| #define PACKAGE_STRING "zookeeper C client 3.4.5"
| #define PACKAGE_BUGREPORT "user@zookeeper.apache.org"
| #define PACKAGE "zookeeper"
| #define VERSION "3.4.5"
| #define HAVE_GENERATED_ZOOKEEPER_JUTE_C 1
| #define HAVE_GENERATED_ZOOKEEPER_JUTE_H 1
| #define STDC_HEADERS 1
| #define HAVE_SYS_TYPES_H 1
| #define HAVE_SYS_STAT_H 1
| #define HAVE_STDLIB_H 1
| #define HAVE_STRING_H 1
| #define HAVE_MEMORY_H 1
| #define HAVE_STRINGS_H 1
| #define HAVE_INTTYPES_H 1
| #define HAVE_STDINT_H 1
| #define HAVE_UNISTD_H 1
| #define HAVE_DLFCN_H 1
| #define STDC_HEADERS 1
| #define HAVE_ARPA_INET_H 1
| #define HAVE_FCNTL_H 1
| #define HAVE_NETDB_H 1
| #define HAVE_NETINET_IN_H 1
| #define HAVE_STDLIB_H 1
| #define HAVE_STRING_H 1
| #define HAVE_SYS_SOCKET_H 1
| #define HAVE_SYS_TIME_H 1
| #define HAVE_UNISTD_H 1
| #define HAVE_SYS_UTSNAME_H 1
| #define TIME_WITH_SYS_TIME 1
| #define POLL_NFDS_TYPE nfds_t
| /* end confdefs.h.  */
|  /* is AF_INET6 available? */
| #include <sys/types.h>
| #include <sys/socket.h>
| main()
| {
|  if (socket(AF_INET6, SOCK_STREAM, 0) < 0)
|    exit(1);
|  else
|    exit(0);
| }
| 
configure:22876: result: no
configure:22910: checking for getcwd
configure:22966: gcc -o conftest -g -O2 -D_GNU_SOURCE   conftest.c  >&5
configure:22973: $? = 0
configure:22995: result: yes
configure:22910: checking for gethostbyname
configure:22966: gcc -o conftest -g -O2 -D_GNU_SOURCE   conftest.c  >&5
configure:22973: $? = 0
configure:22995: result: yes
configure:22910: checking for gethostname
configure:22966: gcc -o conftest -g -O2 -D_GNU_SOURCE   conftest.c  >&5
configure:22973: $? = 0
configure:22995: result: yes
configure:22910: checking for getlogin
configure:22966: gcc -o conftest -g -O2 -D_GNU_SOURCE   conftest.c  >&5
configure:22973: $? = 0
configure:22995: result: yes
configure:22910: checking for getpwuid_r
configure:22966: gcc -o conftest -g -O2 -D_GNU_SOURCE   conftest.c  >&5
configure:22973: $? = 0
configure:22995: result: yes
configure:22910: checking for gettimeofday
configure:22966: gcc -o conftest -g -O2 -D_GNU_SOURCE   conftest.c  >&5
configure:22973: $? = 0
configure:22995: result: yes
configure:22910: checking for getuid
configure:22966: gcc -o conftest -g -O2 -D_GNU_SOURCE   conftest.c  >&5
configure:22973: $? = 0
configure:22995: result: yes
configure:22910: checking for memmove
configure:22966: gcc -o conftest -g -O2 -D_GNU_SOURCE   conftest.c  >&5
conftest.c:66: warning: conflicting types for built-in function 'memmove'
configure:22973: $? = 0
configure:22995: result: yes
configure:22910: checking for memset
configure:22966: gcc -o conftest -g -O2 -D_GNU_SOURCE   conftest.c  >&5
conftest.c:67: warning: conflicting types for built-in function 'memset'
configure:22973: $? = 0
configure:22995: result: yes
configure:22910: checking for poll
configure:22966: gcc -o conftest -g -O2 -D_GNU_SOURCE   conftest.c  >&5
configure:22973: $? = 0
configure:22995: result: yes
configure:22910: checking for socket
configure:22966: gcc -o conftest -g -O2 -D_GNU_SOURCE   conftest.c  >&5
configure:22973: $? = 0
configure:22995: result: yes
configure:22910: checking for strchr
configure:22966: gcc -o conftest -g -O2 -D_GNU_SOURCE   conftest.c  >&5
conftest.c:70: warning: conflicting types for built-in function 'strchr'
configure:22973: $? = 0
configure:22995: result: yes
configure:22910: checking for strdup
configure:22966: gcc -o conftest -g -O2 -D_GNU_SOURCE   conftest.c  >&5
conftest.c:71: warning: conflicting types for built-in function 'strdup'
configure:22973: $? = 0
configure:22995: result: yes
configure:22910: checking for strerror
configure:22966: gcc -o conftest -g -O2 -D_GNU_SOURCE   conftest.c  >&5
configure:22973: $? = 0
configure:22995: result: yes
configure:22910: checking for strtol
configure:22966: gcc -o conftest -g -O2 -D_GNU_SOURCE   conftest.c  >&5
configure:22973: $? = 0
configure:22995: result: yes
configure:23294: creating ./config.status

## ---------------------- ##
## Running config.status. ##
## ---------------------- ##

This file was extended by zookeeper C client config.status 3.4.5, which was
generated by GNU Autoconf 2.63.  Invocation command line was

  CONFIG_FILES    = 
  CONFIG_HEADERS  = 
  CONFIG_LINKS    = 
  CONFIG_COMMANDS = 
  $ ./config.status 

on xseed011.kdev

config.status:874: creating Makefile
config.status:1021: WARNING:  'Makefile.in' seems to ignore the --datarootdir setting
config.status:874: creating config.h
config.status:1090: config.h is unchanged
config.status:1141: executing depfiles commands

## ---------------- ##
## Cache variables. ##
## ---------------- ##

ac_cv_build=x86_64-unknown-linux-gnu
ac_cv_c_compiler_gnu=yes
ac_cv_c_const=yes
ac_cv_c_inline=inline
ac_cv_cxx_compiler_gnu=yes
ac_cv_env_CCC_set=
ac_cv_env_CCC_value=
ac_cv_env_CC_set=
ac_cv_env_CC_value=
ac_cv_env_CFLAGS_set=set
ac_cv_env_CFLAGS_value=
ac_cv_env_CPPFLAGS_set=
ac_cv_env_CPPFLAGS_value=
ac_cv_env_CPP_set=
ac_cv_env_CPP_value=
ac_cv_env_CXXCPP_set=
ac_cv_env_CXXCPP_value=
ac_cv_env_CXXFLAGS_set=
ac_cv_env_CXXFLAGS_value=
ac_cv_env_CXX_set=
ac_cv_env_CXX_value=
ac_cv_env_DOXYGEN_PAPER_SIZE_set=
ac_cv_env_DOXYGEN_PAPER_SIZE_value=
ac_cv_env_F77_set=
ac_cv_env_F77_value=
ac_cv_env_FFLAGS_set=
ac_cv_env_FFLAGS_value=
ac_cv_env_LDFLAGS_set=
ac_cv_env_LDFLAGS_value=
ac_cv_env_LIBS_set=
ac_cv_env_LIBS_value=
ac_cv_env_build_alias_set=
ac_cv_env_build_alias_value=
ac_cv_env_host_alias_set=
ac_cv_env_host_alias_value=
ac_cv_env_target_alias_set=
ac_cv_env_target_alias_value=
ac_cv_f77_compiler_gnu=yes
ac_cv_file_generated_zookeeper_jute_c=yes
ac_cv_file_generated_zookeeper_jute_h=yes
ac_cv_func_getcwd=yes
ac_cv_func_gethostbyname=yes
ac_cv_func_gethostname=yes
ac_cv_func_getlogin=yes
ac_cv_func_getpwuid_r=yes
ac_cv_func_gettimeofday=yes
ac_cv_func_getuid=yes
ac_cv_func_memmove=yes
ac_cv_func_memset=yes
ac_cv_func_poll=yes
ac_cv_func_socket=yes
ac_cv_func_strchr=yes
ac_cv_func_strdup=yes
ac_cv_func_strerror=yes
ac_cv_func_strtol=yes
ac_cv_header_arpa_inet_h=yes
ac_cv_header_dlfcn_h=yes
ac_cv_header_fcntl_h=yes
ac_cv_header_inttypes_h=yes
ac_cv_header_memory_h=yes
ac_cv_header_netdb_h=yes
ac_cv_header_netinet_in_h=yes
ac_cv_header_stdc=yes
ac_cv_header_stdint_h=yes
ac_cv_header_stdlib_h=yes
ac_cv_header_string_h=yes
ac_cv_header_strings_h=yes
ac_cv_header_sys_socket_h=yes
ac_cv_header_sys_stat_h=yes
ac_cv_header_sys_time_h=yes
ac_cv_header_sys_types_h=yes
ac_cv_header_sys_utsname_h=yes
ac_cv_header_time=yes
ac_cv_header_unistd_h=yes
ac_cv_host=x86_64-unknown-linux-gnu
ac_cv_lib_pthread_pthread_mutex_lock=yes
ac_cv_objext=o
ac_cv_path_CPPUNIT_CONFIG=/usr/bin/cppunit-config
ac_cv_path_EGREP='/bin/grep -E'
ac_cv_path_GREP=/bin/grep
ac_cv_path_ac_pt_DX_DOXYGEN=/usr/bin/doxygen
ac_cv_path_ac_pt_DX_PERL=/usr/bin/perl
ac_cv_path_install='/usr/bin/install -c'
ac_cv_prog_AWK=gawk
ac_cv_prog_CPP='gcc -E'
ac_cv_prog_CXXCPP='g++ -E'
ac_cv_prog_ac_ct_AR=ar
ac_cv_prog_ac_ct_CC=gcc
ac_cv_prog_ac_ct_CXX=g++
ac_cv_prog_ac_ct_F77=gfortran
ac_cv_prog_ac_ct_RANLIB=ranlib
ac_cv_prog_ac_ct_STRIP=strip
ac_cv_prog_cc_c89=
ac_cv_prog_cc_g=yes
ac_cv_prog_cc_gcc_c_o=yes
ac_cv_prog_cxx_g=yes
ac_cv_prog_f77_g=yes
ac_cv_prog_make_make_set=yes
ac_cv_type_nfds_t=yes
am_cv_CC_dependencies_compiler_type=gcc3
am_cv_CXX_dependencies_compiler_type=gcc3
lt_cv_deplibs_check_method=pass_all
lt_cv_file_magic_cmd='$MAGIC_CMD'
lt_cv_file_magic_test_file=
lt_cv_ld_reload_flag=-r
lt_cv_objdir=.libs
lt_cv_path_LD=/usr/bin/ld
lt_cv_path_LDCXX='/usr/bin/ld -m elf_x86_64'
lt_cv_path_NM='/usr/bin/nm -B'
lt_cv_path_SED=/bin/sed
lt_cv_prog_compiler_c_o=yes
lt_cv_prog_compiler_c_o_CXX=yes
lt_cv_prog_compiler_c_o_F77=yes
lt_cv_prog_compiler_rtti_exceptions=no
lt_cv_prog_gnu_ld=yes
lt_cv_prog_gnu_ldcxx=yes
lt_cv_sys_global_symbol_pipe='sed -n -e '\''s/^.*[ 	]\([ABCDGIRSTW][ABCDGIRSTW]*\)[ 	][ 	]*\([_A-Za-z][_A-Za-z0-9]*\)$/\1 \2 \2/p'\'''
lt_cv_sys_global_symbol_to_c_name_address='sed -n -e '\''s/^: \([^ ]*\) $/  {\"\1\", (lt_ptr) 0},/p'\'' -e '\''s/^[BCDEGRST] \([^ ]*\) \([^ ]*\)$/  {"\2", (lt_ptr) \&\2},/p'\'''
lt_cv_sys_global_symbol_to_cdecl='sed -n -e '\''s/^. .* \(.*\)$/extern int \1;/p'\'''
lt_cv_sys_max_cmd_len=32768
lt_lt_cv_prog_compiler_c_o='"yes"'
lt_lt_cv_prog_compiler_c_o_CXX='"yes"'
lt_lt_cv_prog_compiler_c_o_F77='"yes"'
lt_lt_cv_sys_global_symbol_pipe='"sed -n -e '\''s/^.*[ 	]\\([ABCDGIRSTW][ABCDGIRSTW]*\\)[ 	][ 	]*\\([_A-Za-z][_A-Za-z0-9]*\\)\$/\\1 \\2 \\2/p'\''"'
lt_lt_cv_sys_global_symbol_to_c_name_address='"sed -n -e '\''s/^: \\([^ ]*\\) \$/  {\\\"\\1\\\", (lt_ptr) 0},/p'\'' -e '\''s/^[BCDEGRST] \\([^ ]*\\) \\([^ ]*\\)\$/  {\"\\2\", (lt_ptr) \\&\\2},/p'\''"'
lt_lt_cv_sys_global_symbol_to_cdecl='"sed -n -e '\''s/^. .* \\(.*\\)\$/extern int \\1;/p'\''"'

## ----------------- ##
## Output variables. ##
## ----------------- ##

ACLOCAL='${SHELL} /data1/leekj/workspace/nBase-ARC/api/arcci/zk-3.4.6/c/missing --run aclocal-1.9'
AMDEPBACKSLASH='\'
AMDEP_FALSE='#'
AMDEP_TRUE=''
AMTAR='${SHELL} /data1/leekj/workspace/nBase-ARC/api/arcci/zk-3.4.6/c/missing --run tar'
AR='ar'
AUTOCONF='${SHELL} /data1/leekj/workspace/nBase-ARC/api/arcci/zk-3.4.6/c/missing --run autoconf'
AUTOHEADER='${SHELL} /data1/leekj/workspace/nBase-ARC/api/arcci/zk-3.4.6/c/missing --run autoheader'
AUTOMAKE='${SHELL} /data1/leekj/workspace/nBase-ARC/api/arcci/zk-3.4.6/c/missing --run automake-1.9'
AWK='gawk'
CC='gcc'
CCDEPMODE='depmode=gcc3'
CFLAGS='-g -O2 -D_GNU_SOURCE'
CPP='gcc -E'
CPPFLAGS=''
CPPUNIT_CFLAGS=' -DZKSERVER_CMD="\"./tests/zkServer.sh\""'
CPPUNIT_CONFIG='/usr/bin/cppunit-config'
CPPUNIT_LIBS='-lcppunit -ldl'
CXX='g++'
CXXCPP='g++ -E'
CXXDEPMODE='depmode=gcc3'
CXXFLAGS='-g -O2'
CYGPATH_W='echo'
DEFS='-DHAVE_CONFIG_H'
DEPDIR='.deps'
DOXYGEN_PAPER_SIZE=''
DX_COND_chi_FALSE=''
DX_COND_chi_TRUE='#'
DX_COND_chm_FALSE=''
DX_COND_chm_TRUE='#'
DX_COND_doc_FALSE='#'
DX_COND_doc_TRUE=''
DX_COND_dot_FALSE='#'
DX_COND_dot_TRUE=''
DX_COND_html_FALSE='#'
DX_COND_html_TRUE=''
DX_COND_latex_FALSE=''
DX_COND_latex_TRUE='#'
DX_COND_man_FALSE=''
DX_COND_man_TRUE='#'
DX_COND_pdf_FALSE=''
DX_COND_pdf_TRUE='#'
DX_COND_ps_FALSE=''
DX_COND_ps_TRUE='#'
DX_COND_rtf_FALSE=''
DX_COND_rtf_TRUE='#'
DX_COND_xml_FALSE=''
DX_COND_xml_TRUE='#'
DX_CONFIG='c-doc.Doxyfile'
DX_DOCDIR='docs'
DX_DOT=''
DX_DOXYGEN='/usr/bin/doxygen'
DX_DVIPS=''
DX_EGREP=''
DX_ENV=' SRCDIR='\''.'\'' PROJECT='\''zookeeper'\'' DOCDIR='\''docs'\'' VERSION='\''3.4.5'\'' PERL_PATH='\''/usr/bin/perl'\'' HAVE_DOT='\''YES'\'' DOT_PATH='\''.'\'' GENERATE_MAN='\''NO'\'' GENERATE_RTF='\''NO'\'' GENERATE_XML='\''NO'\'' GENERATE_HTMLHELP='\''NO'\'' GENERATE_CHI='\''NO'\'' GENERATE_HTML='\''YES'\'' GENERATE_LATEX='\''NO'\'''
DX_FLAG_chi='0'
DX_FLAG_chm='0'
DX_FLAG_doc='1'
DX_FLAG_dot='1'
DX_FLAG_html='1'
DX_FLAG_man='0'
DX_FLAG_pdf='0'
DX_FLAG_ps='0'
DX_FLAG_rtf='0'
DX_FLAG_xml='0'
DX_HHC=''
DX_LATEX=''
DX_MAKEINDEX=''
DX_PDFLATEX=''
DX_PERL='/usr/bin/perl'
DX_PROJECT='zookeeper'
ECHO='echo'
ECHO_C=''
ECHO_N='-n'
ECHO_T=''
EGREP='/bin/grep -E'
EXEEXT=''
F77='gfortran'
FFLAGS='-g -O2'
GREP='/bin/grep'
INSTALL_DATA='${INSTALL} -m 644'
INSTALL_PROGRAM='${INSTALL}'
INSTALL_SCRIPT='${INSTALL}'
INSTALL_STRIP_PROGRAM='${SHELL} $(install_sh) -c -s'
LDFLAGS=''
LIBOBJS=''
LIBS=''
LIBTOOL='$(SHELL) $(top_builddir)/libtool'
LN_S='ln -s'
LTLIBOBJS=''
MAKEINFO='${SHELL} /data1/leekj/workspace/nBase-ARC/api/arcci/zk-3.4.6/c/missing --run makeinfo'
OBJEXT='o'
PACKAGE='zookeeper'
PACKAGE_BUGREPORT='user@zookeeper.apache.org'
PACKAGE_NAME='zookeeper C client'
PACKAGE_STRING='zookeeper C client 3.4.5'
PACKAGE_TARNAME='zookeeper'
PACKAGE_VERSION='3.4.5'
PATH_SEPARATOR=':'
RANLIB='ranlib'
SED='/bin/sed'
SET_MAKE=''
SHELL='/bin/sh'
STRIP='strip'
USEIPV6=''
VERSION='3.4.5'
WANT_SYNCAPI_FALSE='#'
WANT_SYNCAPI_TRUE=''
ac_ct_CC='gcc'
ac_ct_CXX='g++'
ac_ct_F77='gfortran'
am__fastdepCC_FALSE='#'
am__fastdepCC_TRUE=''
am__fastdepCXX_FALSE='#'
am__fastdepCXX_TRUE=''
am__include='include'
am__leading_dot='.'
am__quote=''
am__tar='${AMTAR} chof - "$$tardir"'
am__untar='${AMTAR} xf -'
bindir='${exec_prefix}/bin'
build='x86_64-unknown-linux-gnu'
build_alias=''
build_cpu='x86_64'
build_os='linux-gnu'
build_vendor='unknown'
datadir='${datarootdir}'
datarootdir='${prefix}/share'
docdir='${datarootdir}/doc/${PACKAGE_TARNAME}'
dvidir='${docdir}'
exec_prefix='${prefix}'
host='x86_64-unknown-linux-gnu'
host_alias=''
host_cpu='x86_64'
host_os='linux-gnu'
host_vendor='unknown'
htmldir='${docdir}'
includedir='${prefix}/include'
infodir='${datarootdir}/info'
install_sh='/data1/leekj/workspace/nBase-ARC/api/arcci/zk-3.4.6/c/install-sh'
libdir='${exec_prefix}/lib'
libexecdir='${exec_prefix}/libexec'
localedir='${datarootdir}/locale'
localstatedir='${prefix}/var'
mandir='${datarootdir}/man'
mkdir_p='mkdir -p --'
oldincludedir='/usr/include'
pdfdir='${docdir}'
prefix='/data1/leekj/workspace/nBase-ARC/api/arcci/zk-3.4.6/.lib64'
program_transform_name='s,x,x,'
psdir='${docdir}'
sbindir='${exec_prefix}/sbin'
sharedstatedir='${prefix}/com'
sysconfdir='${prefix}/etc'
target_alias=''

## ----------- ##
## confdefs.h. ##
## ----------- ##

#define PACKAGE_NAME "zookeeper C client"
#define PACKAGE_TARNAME "zookeeper"
#define PACKAGE_VERSION "3.4.5"
#define PACKAGE_STRING "zookeeper C client 3.4.5"
#define PACKAGE_BUGREPORT "user@zookeeper.apache.org"
#define PACKAGE "zookeeper"
#define VERSION "3.4.5"
#define HAVE_GENERATED_ZOOKEEPER_JUTE_C 1
#define HAVE_GENERATED_ZOOKEEPER_JUTE_H 1
#define STDC_HEADERS 1
#define HAVE_SYS_TYPES_H 1
#define HAVE_SYS_STAT_H 1
#define HAVE_STDLIB_H 1
#define HAVE_STRING_H 1
#define HAVE_MEMORY_H 1
#define HAVE_STRINGS_H 1
#define HAVE_INTTYPES_H 1
#define HAVE_STDINT_H 1
#define HAVE_UNISTD_H 1
#define HAVE_DLFCN_H 1
#define STDC_HEADERS 1
#define HAVE_ARPA_INET_H 1
#define HAVE_FCNTL_H 1
#define HAVE_NETDB_H 1
#define HAVE_NETINET_IN_H 1
#define HAVE_STDLIB_H 1
#define HAVE_STRING_H 1
#define HAVE_SYS_SOCKET_H 1
#define HAVE_SYS_TIME_H 1
#define HAVE_UNISTD_H 1
#define HAVE_SYS_UTSNAME_H 1
#define TIME_WITH_SYS_TIME 1
#define POLL_NFDS_TYPE nfds_t
#define HAVE_GETCWD 1
#define HAVE_GETHOSTBYNAME 1
#define HAVE_GETHOSTNAME 1
#define HAVE_GETLOGIN 1
#define HAVE_GETPWUID_R 1
#define HAVE_GETTIMEOFDAY 1
#define HAVE_GETUID 1
#define HAVE_MEMMOVE 1
#define HAVE_MEMSET 1
#define HAVE_POLL 1
#define HAVE_SOCKET 1
#define HAVE_STRCHR 1
#define HAVE_STRDUP 1
#define HAVE_STRERROR 1
#define HAVE_STRTOL 1

configure: exit 0
